	Iozone: Performance Test of File I/O
	        Version $Revision: 3.489 $
		Compiled for 64 bit mode.
		Build: linux-AMD64 

	Contributors:William Norcott, Don Capps, Isom Crawford, Kirby Collins
	             Al Slater, Scott Rhine, Mike Wisner, Ken Goss
	             Steve Landherr, Brad Smith, Mark Kelly, Dr. Alain CYR,
	             Randy Dunlap, Mark Montague, Dan Million, Gavin Brebner,
	             Jean-Marc Zucconi, Jeff Blomberg, Benny Halevy, Dave Boone,
	             Erik Habbinga, Kris Strecker, Walter Wong, Joshua Root,
	             Fabrice Bacchella, Zhenghua Xue, Qin Li, Darren Sawyer,
	             Vangel Bojaxhi, Ben England, Vikentsi Lapa,
	             Alexey Skidanov, Sudhir Kumar.

	Run began: Wed Dec 28 15:44:25 2022

	Auto Mode
	Command line used: iozone -a
	Output is in kBytes/sec
	Time Resolution = 0.000001 seconds.
	Processor cache size set to 1024 kBytes.
	Processor cache line size set to 32 bytes.
	File stride size set to 17 * record size.
                                                              random    random     bkwd    record    stride                                    
              kB  reclen    write  rewrite    read    reread    read     write     read   rewrite      read   fwrite frewrite    fread  freread
              64       4   415659  5389653  6421025 10821524  7100397  3738358  7100397   1066042   9006179  4897948  6421025 12902017 10821524
              64       8   746056  7293312 15972885 10821524 12902017  5860307  9318832   9318832  20962191  1421755  8182586 12902017 20962191
              64      16   789967  5860307 15972885 12902017 12902017  1879725 12902017   9006179  15972885   998622  2067979 22737791 15972885
              64      32   743988  2467108 20962191 12902017 15972885  1143223 15972885   9318832  20962191  1363961  7940539 15972885 20962191
              64      64   801764  8182586 12902017 30484297 12902017  5283570 16983463   6421025  34389688  6271021 10402178 30484297 15972885
             128       4  1827299  6114306  9129573  9129573  7476717  4407601  8036304   7176872   7176872  5074121  6406138 12842051  9129573
             128       8  1085013  6406138 14200794  9795896  9795896  5545860 11470204   9977956  15881078  2673584  6727225 14200794 12842051
             128      16  1196221  6406138 21643049 10567140 12842051  5784891 15881078  11470204  20804356  2843510  9129573 25804035 12842051
             128      32  1133103  8036304 25804035 11720614 14200794  6406138 18012359   9795896  25804035  1727352 10779307 25804035 14200794
             128      64  2066432  2166499 15881078 15881078 14200794  6812590 18012359   7582312  24620673  6727225 12842051 18012359 18637664
             128     128  1229084  8414153 12842051 21643049 15881078  6727225 18012359   6406138  18012359  5847904  9795896 25804035 18012359
             256       4  1362952  4054829  8208677  9192546  6891544  4477549  8271916   7120034   7314033  5022044  6107548 12090911  8888172
             256       8  1662639  4496299 14164395  9868433  9778562  5569035 12661199   8888172   9192546  5569035  7518900 18259146 10245071
             256      16  1532153  6891544 18259146 10245071 12228612  5810112 17096249  11569783  23441229  3605511  8534922  2247235 15164624
             256      32  1391207  4929815 19591792 10245071 14164395  4332998 14164395  11207494  25684103  3605511  9434868 25684103 14164395
             256      64  1622442  9518507 21558614 11695808 14353744  6719046 21558614  11091721  28401588  4070199 10651598 22940409 17096249
             256     128  1532153  7073132 16072608 11091721 16072608  6398720 18575017   3935921  25684103  6398720 12812277 25684103 14164395
             256     256  1619994  8271916  8815202 16072608 15164624  6891544 23441229   6398720  25684103  6936061  9518507 18259146 14164395
             512       4  1506154  5551840  8528336  7647578  6652558  4522868  8109658   7115451   6999490  5127637  4522868 11620224  5684095
             512       8  1570020  6472112 13109944  9468384  9638369  5398323 11943357   9814569   9510316  4030519  7513788 17069844 11080601
             512      16  1630828  8844453 17630404 10044089 11943357  5951911 15930214  11943357  10641343  4447925  8265729 19736867 13109944
             512      32  1590957  7620440 19736867  9859630 13109944  4690818 20490142   7211022  26908901  4742616  8140399 21303197 14240069
             512      64  1667552  8665997 20490142 10694336 14240069  4973263 22414989  12499490  28328790  6736026  8528336 22183443 15037801
             512     128  1689859  5398323 17630404 10856530 14628067  3762197 22183443   9814569  23391616  7647578  5509113 24457224 15037801
             512     256  1789859  5624545 14240069 11943357 14240069  6736026 22414989   7540170  17630404  5067142 12215097 24457224 15037801
             512     512  1723770  6395018  9681823 13872122 14628067  6931711 19736867   5384786  20490142  5331314 10044089 24181823 14628067
            1024       4  1635675  5720477  8474583  8895850  6830356  4178773  8750850   6874084   6874084  5048117  6208343 11903823  8680108
            1024       8  1720874  5950309 13305116  9485232  9946527  5169641 12944224   9655828   9946527  4321737  7644933 16789959 11489839
            1024      16  1845071  6650556 16531459  9655828 11645609  5120336 17402221  12208350  11903823  6208343  8610501 20088179 13142265
            1024      32  1824690  8122014 20471166  9402175 13686709  5601115 20869039  13102174  13142265  5194651  7208671 22869206 14044758
            1024      64  1789714  7101400 21713061 10354166 14230902  5885083 22748081  13142265  30942298  6569179  8610501 23754601 15080341
            1024     128  1709912  4898425 21388672 10906310 14618393  5789881 23240448   8610501  27045423  6128613  7986094 23366889 15080341
            1024     256  1732676  6244448 17056672 10769573 14183905  6519323 21823389   8199542  16219316  7160597  7485055 22748081 14422045
            1024     512  1765437  8246774 13818817 11368190 14618393  5330028 19363647   6172653  17688906  6744549 11249091 22161202 14422045
            1024    1024  1858644  8610501  9064828 14618393 14618393  5593820 21282686   6733974  21823389  6776473  6244448 20471166 14422045
            2048       4  1593737  5187767  8190205  8713618  6543188  4215286  8221561   7237860   6802261  4937295  5492967 11320334  8357547
            2048       8  1825390  6280083 12416686  9525260  9610516  5611381 12882215   9752360   9140117  5212953  7556202 15766969 11579763
            2048      16  1835140  7698414 16525279  9653719 11129659  5156624 16367837  12050878  11690076  5403134  7444871 18970464 13038646
            2048      32  1853753  7846081 19893055  9752360 12959958  6523312 19893055  13384011  13384011  5836323  7698414 18284015 12959958
            2048      64  1832009  7343043 21115571 10096235 14017386  6780783 21115571  10289741  14132698  5293261  7059413 22736381 14840791
            2048     128  1830057  7817519 21115571 10240672 14514788  6114678 21757372  11983630  28844090  6132138  6917293 22498183 14738933
            2048     256  1783696  6917293 18928661 10240672 14226322  6321679 20909969   8221561  16525279  6317030  7670915 21593292 14738933
            2048     512  1808862  5933071 16001943 10490809 14738933  5319484 21115571   8357547  16399085  6185123  8357547 21325256 14840791
            2048    1024  1887563  8198022 13660713 11246230 14738933  5920802 20708333   7609754  16783585  5937172 10555264 20268568 14638464
            2048    2048  1937809  8221561  9567698 14417342 14738933  6041567 20461691   5785224  21115571  6020395  9697312 21115571 14840791
            4096       4  1748087  5447345  8308260  8625273  6682678  4467170  5007531   7123239   6542703  4819300  5736555 11222762  8531046
            4096       8  1808444  5980170 11973655  9348033  8811067  5319164 12308209   9729195   9685316  5625724  3954116 14838300 11378861
            4096      16  1859131  7286380 15165768  9440496 11500738  5751920 16318176  11907264  11704457  5800471  6410863 18378010 12919082
            4096      32  1805213  7969117 19329161  9897345 12015527  6281934 19307438  13299112  13007113  6198078  8224733 19050521 13381985
            4096      64  1826129  7073381 20579482  9897345 14271297  6408472 12299398   6420447  10528134  3992713  7529067 21918530 14427096
            4096     128  1792593  4153935 15287223  8409937 12264277  6005255 19888580  11874344  12334720  4958393  5603704 21214804 12007129
            4096     256  1659761  6198078 18698043  9042961 12569357  5728903 19888580   8463799  15692162  5506711  6661947 14723847 10612681
            4096     512  1790165  6389405 17974227  9414629 13086376  5153230 20579482   8514134  14427096  5461198  6894546 20905025 12718238
            4096    1024  1785514  6261328 14271297  9163546 12756011  5634950 19888580   7476641  13299112  6342230  7421732 20481345 12803544
            4096    2048  1723189  5910222 12370246 10344298 12958059  5885924 19593701   7012747  15396828  6158088  9545402 19593701 12880338
            4096    4096  1888560  8712759  9368423 13890515 13746032  6311938 19504720   5818150  19221033  6103394  8660056 19156735 13924290
            8192       4  1695035  5361332  8086916  8480105  6585093  4413692  7930135   6912307   6455193  4390568  5447177 10738070  8265899
            8192       8  1785124  6192276 11869445  8856046  9234488  5446314 11636301   9023500   9204802  5516264  6827153 14785977 11145606
            8192      16  1038158  5830794 15231692  9526362 11207409  5494212 15117763  11393220  11378128  5966469  7287625 17320112 12545518
            8192      32  1882745  6884607 18405631  9812005 13025879  5797345 18494796  11869445  13085407  6196743  7685357 19978849 14077211
            8192      64  1850500  5880691 13657548  9450378 13934487  6538726 20131019  12120667  13839076  5911041  6995337 20688596 14246478
            8192     128  1754945  6569983 19458391  9471217 13001235  6277120 19502569  10343693  13811262  5201445  6506533 21612539 14603729
            8192     256  1817225  6215800 19502569  9660279 14170099  6036702 20333543   8856046  14395699  5091986  5893805 20430266 14425919
            8192     512  1800371  5806161 18736847  9916786 14603729  5867636 12527222   5692651  10922396  4641448  6277120 20225820 14572760
            8192    1024  1826110  6628284 17320112  9968574 14123502  5830794 19370632   7823601  14450187  5558204  6340832 19692587 14572760
            8192    2048  1846225  6192276 15171163 10396901 14270145  6036702 17888190   7978009  14837055  6132595  7243074 18249221 14293891
            8192    4096  1845431  6229323 12450057 11453987 14199379  6136976 18162403   6877717  16324422  6158977  9204802 18076407 14548080
            8192    8192  1889267  6253130  9625100 14293891 14474536  5843686 15485690   6326821  15513658  6410631  7038325 15313152 14299840
           16384       4  1660660  4718834  7211005  8692280  6624965  4209770  7145026   7043957   6503950  4725649  4963556  9677701  8484089
           16384       8  1729888  5391113 10757915  9379186  9497142  5347483 10937705   9717387   9524785  5387732  5811959 13117393 10700958
           16384      16  1851288  5864034 13341500  9559234 11442174  6008099 13519988  11922587  11183344  5744428  6052550 15254703 12859651
           16384      32  1857995  5698696 15665037  9277883 13107385  6203347 16288846  12912812  13160098  6206148  5793340 16889348 13942419
           16384      64  1851687  5977266 17103733  9324462 14111338  6070193 17675645  13032810  14245904  6041375  6171037 17868681 14640460
           16384     128  1740358  5161907 14868534  8977298 13300185  6161631 18061231  11871097  14160772  5393229  5527714 17730371 14073768
           16384     256  1768758  5392805 16531799  9421621 13945248  6025484 17522407   9047029  14002077  5457475  5335029 17193599 14122938
           16384     512  1771220  5446662 16943483  9666810 14184155  5643936 17693850   8599818  14359019  5237842  5479233 17065505 14198809
           16384    1024  1804996  5459210 16464464  9845471 14498374  5470509 17120778   8204521  14359019  5485356  5473995 17358638 13919826
           16384    2048  1773323  6082012 15471067  9997296 14269570  6012304 16889348   8159708  14920185  5797250  5817863 16515906 14434421
           16384    4096  1822468  4978660 12311334  9764332 13678768  5702479 16124497   7624648  14788541  5726715  6313919 15845643 14386073
           16384    8192  1847108  5785049 11854714 11515032 14222317  5857536 14627994   7249038  14111338  6124836  8287637 14734635 14016357
           16384   16384  1782615  5340419  8094352 11347701 11449800  5412770 10396595   5123041  10715976  5298828  5345404 10700958 10944673
           32768      64  1828988  5584269 15150120  9912078 14135729  6153577 15641515  13352914  13867586  5851502  5640880 16046943 14370738
           32768     128  1814500  5702907 16063823  9820010 14551803  5842050 16278824  12245307  14887548  5427906  5066910 15946403 14707523
           32768     256  1763624  5285949 15391035  9657847 14422010  5613922 15821575   9459755  14118304  5094519  5214354 15837984 14701231
           32768     512  1788153  5113473 15604221  9640234 14315356  5427906 15869072   8602943  14721702  5086600  5035905 15249297 14315356
           32768    1024  1772586  5157028 12865436  7028397 11928594  4154141 15618407   8371845  15017687  5131994  4872545 15530166 14333271
           32768    2048  1791487  5217125 15121783  9909219 14352729  5369169 15700480   8716981  15198706  5092254  5074767 15686144 14800972
           32768    4096  1792257  4868231 12730773  9960206 13926604  5323829 15420391   7892075  15291713  5304105  5261464 15334367 14641717
           32768    8192  1795794  5298175 12951514 10428786 13803518  5306563 14556426   7702765  14674546  5437784  5567980 14570315 14551803
           32768   16384  1780486  4662613  9066608  9168216 10806813  4856705 10323815   5815108  10580524  5061498  7513689 10192134 11172258
           65536      64  1828669  6180947 14390906  9998175 14292880  5923351 14356332  13468593  14350336  5726169  5594703 14935115 14650930
           65536     128  1761204  5518328 13194473  9360794 13910962  5528539 14757114  12163382  14704224  5188940  5108038 15319672 14704224
           65536     256  1769332  5264770 13925761  9428542 14118163  5386403 15156641   9207157  14422619  4941997  4898055 14851196 14904343
           65536     512  1770529  4914255 13863953  9710321 14717608  5258425 14780125   8585962  14511705  4811462  4910217 14833564 14305526
           65536    1024  1771625  5113265 14179338  9684662 14467406  5248685 14800020   8647003  14884167  4891866  4743870 14707371 14573255
           65536    2048  1778548  5461750 14834365  9859391 14905151  5479606 14823965   8640208  14589498  4970864  4844448 15017527 14776947
           65536    4096  1781107  5171757 13976033  9871429 14618206  5350233 14528579   8677850  14677528  4914958  4905047 14412788 14435495
           65536    8192  1776525  5175360 13228763  9774199 14157429  5107944 13534912   8247704  14151598  4731214  4753057 13870249 14268397
           65536   16384  1772287  4793840  9704836  8485770 10848528  4812810 10264372   6224899  10616405  5160300  5244579 10236468 10997841
          131072      64  1825183  6032137 14346893  9945506 14441489  5766459 14553890  14092037  14503974  5638995  5436194 14730545 14738838
          131072     128  1786645  6023281 14651635  9987968 14908306  5787829 15037987  12633474  15030997  5316026  5349026 15196361 15223292
          131072     256  1780073  5656924 14454399  9735049 14612302  5495865 15107412   9618547  15081716  5059934  4983382 14766947 14957385
          131072     512  1790258  5368509 14264253  9688896 14393847  5248776 14832286   8842526  14937066  4918291  4848926 14594070 14543879
          131072    1024  1812641  5190792 14785216  9731430 14529657  5206424 14635253   8856771  14694322  4820947  4812464 14561985 14633695
          131072    2048  1798934  5213683 14638370  9841706 14628632  5307404 14492885   8729496  14925305  4775634  4770413 14439972 14581297
          131072    4096  1794624  5225328 14234337  9843997 14708868  5278966 14268695   8792603  14268695  4782947  4812844 14104329 14449460
          131072    8192  1792388  5158257 13569926  9788958 14508567  5194029 13889103   8449747  14439972  4504503  4534262 14111932 14568545
          131072   16384  1791775  4872175 10357350  8426305 11248015  4918071 10764791   6560816  10826908  4648083  4634955 10854912 11134113
          262144      64  1652675  4046371 14028175 10022730 14388536  3672987 13752868  14039280  14382137  4067838  4054069 14426483 14938650
          262144     128  1601778  4234610 14320136  9945488 14879215  4358474 14241676  13108492  14817855  4135417  4208643 14341242 14733665
          262144     256  1550586  3904740 13671129  9517949 14345920  3872204 14034084   9504866  14880222  4038257  3984924 14284045 14671147
          262144     512  1592969  4331534 14178318  9766942 14781202  4099522 14336568   8761760  14687609  3848889  4029643 13923013 14387783
          262144    1024  1575347  3790781 13918607  9661466 14490365  3765311 14224541   8882874  14468627  3632721  3792258 14273290 14818853
          262144    2048  1631720  3705367 13675550  9618194 14488837  3854097 14253861   8979651  14658043  3608815  3626228 14196808 14705682
          262144    4096  1629003  3856422 13667561  9588668 14313984  4247370 13946855   8758829  14352100  3862790  4011999 13854592 14360910
          262144    8192  1598137  3763197 13766643  9435049 13962441  4298647 13587502   8537787  13660429  3415154  3583948 13716837 14294259
          262144   16384  1575640  3568281 10706802  8200182 11108331  3533273 10939999   6673056  10686199  3721836  3563146 10815811 10936735
          524288      64  1543767  3399762 13330176  9804164 14010104  3379926 13402728  14432429  14254767  3700297  3321326 14086929 14778997
          524288     128  1684346  4362268 14264754  9853764 14684354  4411043 13831656  12883683  14796997  4123737  3963319 14137918 14601282
          524288     256  1532481  4039820 14353393  9694681 14850658  4462287 14158126   9137286  14498371  3784627  3624655 12989927 15084449
          524288     512  1523265  3826918 13714425  9540156 14211469  4080314 14413416   8900556  14358923  3414331  3623950 14066114 14380614
          524288    1024  1585608  3610521 13787947  9600214 14410676  3440146 13906092   8772939  14388895  3807187  3508043 13836704 14338886
          524288    2048  1611112  4273559 13978755  9564347 14322450  3804144 14140918   8851581  14370371  4137571  4336076 14342908 14691712
          524288    4096  1529785  3357119 13664741  9602520 14306051  3443485 13840100   8964196  14330663  3409561  3099657 13777840 14203667
          524288    8192  1556377  3519327 11469865  9505187 14064674  3841948 14183421   8743950  14251996  3607571  3794076 14077910 14229954
          524288   16384  1523247  3856448 10673377  8070319 10981729  3469394 11143446   6831114  11181750  3328455  3367555 10938139 11323917

iozone test complete.
