	Iozone: Performance Test of File I/O
	        Version $Revision: 3.489 $
		Compiled for 64 bit mode.
		Build: linux-AMD64 

	Contributors:William Norcott, Don Capps, Isom Crawford, Kirby Collins
	             Al Slater, Scott Rhine, Mike Wisner, Ken Goss
	             Steve Landherr, Brad Smith, Mark Kelly, Dr. Alain CYR,
	             Randy Dunlap, Mark Montague, Dan Million, Gavin Brebner,
	             Jean-Marc Zucconi, Jeff Blomberg, Benny Halevy, Dave Boone,
	             Erik Habbinga, Kris Strecker, Walter Wong, Joshua Root,
	             Fabrice Bacchella, Zhenghua Xue, Qin Li, Darren Sawyer,
	             Vangel Bojaxhi, Ben England, Vikentsi Lapa,
	             Alexey Skidanov, Sudhir Kumar.

	Run began: Wed Dec 28 18:25:13 2022

	Auto Mode
	Command line used: iozone -a
	Output is in kBytes/sec
	Time Resolution = 0.000001 seconds.
	Processor cache size set to 1024 kBytes.
	Processor cache line size set to 32 bytes.
	File stride size set to 17 * record size.
                                                              random    random     bkwd    record    stride                                    
              kB  reclen    write  rewrite    read    reread    read     write     read   rewrite      read   fwrite frewrite    fread  freread
              64       4   598110  5283570  7100397 12902017  7940539  1690338  7100397   7293312  10821524  5283570  5860307 10821524 10821524
              64       8   939223  3363612 22737791 12902017 12902017  6421025  9006179   9318832  20962191  7293312  7940539 20962191 15972885
              64      16   969761  7100397 20962191 12310336 15972885  7100397 12902017  10821524  34389688  8182586 12902017 30484297 22737791
              64      32  1879725  1460430 30484297 15972885 20962191  7100397 12902017   9006179  22737791  9006179 15972885 20962191 20962191
              64      64  1879725  6421025 10402178 30484297 20962191  8182586 15972885   7940539  20962191  1492919  9006179 34389688 20962191
             128       4  1254941  5325799  8548124 10567140  7917784  4934216  7082197   7082197   8036304  2608629  6114306 11470204 10567140
             128       8  1332828  7082197 15881078 11470204 11720614  6406138 10779307   9795896  18012359  2409592  8036304 21643049 14200794
             128      16  1332828  2211113 21643049 10779307 16365173  3199360 14200794  11470204  25804035  7082197  9129573 21643049 15881078
             128      32   921183  2905056 25804035 11470204 15881078  3560017 15881078  10567140  25804035  3657016 10567140 31945770 18637664
             128      64  1243315  6406138 15881078 14586625 15881078  7082197 15881078   9129573  25804035  7082197 14586625 31945770 20804356
             128     128  1102844  7917784 11470204 18637664 15881078  7176872 18012359   2843510  25804035  6045455  8548124 20804356 15881078
             256       4  1398455  5687020  7571923  7965107  6249745  3810220  7965107   7314033   7120034  5217259  5938650 12812277  9114515
             256       8  1481420  6936061 13454450  9778562 10651598  5810112 12812277   8815202  10245071  5938650  7518900 18259146 11695808
             256      16  1561112  4422226 18259146 10245071 12090911  6249745 15835569  12228612  23441229  6398720  8815202 21558614 13454450
             256      32  1802167  4819184 19591792 10651598 14353744  6554972 18259146  12228612  28401588  7314033  9868433 25684103 16072608
             256      64  1570244  7965107 18259146 11569783 14353744  3052087 21558614  11091721  25684103  7518900 10651598 29173251 16072608
             256     128  1718521  7571923 15164624 12812277 14353744  7314033 19591792   9114515  19591792  6891544 14164395 25684103 15164624
             256     256  1479379  7518900  9434868 17096249 14953435  7120034 19591792   3605511  25684103  4572895  9868433 25684103 16072608
             512       4  1595686  4384358  8665997  8992598  7115451  4701087  8992598   7211022   7309196  4411377  5566231 11943357  9145790
             512       8  1736314  6736026 13522711 10044089 10044089  5744919 14146265  10044089   9681823  4571003  7988981 18229030 12215097
             512      16  1815584  5807059 17776344 10044089 12499490  6246213 17069844  12146009  11877300  6395018  8665997 22414989 13783088
             512      32  1723770  5684095 21516644 10044089 13783088  6736026 22183443  12797441  26908901  6821616  6736026 24457224 14240069
             512      64  1783912  6156675 21303197 10694336 14628067  6319739 24457224  13190469  18869737  5398323  6652558 26908901 15471149
             512     128  1759070  5684095 19037014 11374040 15037801  6821616 25624554   7871843  25624554  8018812 10235583 26908901 15583417
             512     256  1764853  5495016 12797441 12215097 14628067  5398323 23139567   8265729  19037014  6736026 12874162 25624554 15037801
             512     512  1560891  7871843  9468384 14628067 15037801  6909408 23139567   7022379  24457224  6931711  9859630 24457224 15037801
            1024       4  1657133  4594502  8061038  9240349  6918376  3570790  8914314   7113161   7008693  4493556  5363307 11936907  8988941
            1024       8  1703807  5690162 12944224  9464330  9765601  4943530 13643232  10039528  10039528  5853003  7590887 17402221 11936907
            1024      16  1750329  7208671 14820161  8895850 11018226  6059442 17056672  12037272  10878686  6059442  6733974 19363647 11903823
            1024      32  1841906  6874084 20088179  9464330 13102174  5853003 20471166  13142265  12790037  6355328  8680108 22276143 13472053
            1024      64  1771993  6489770 20970936  9569770 13863422  6744549 21823389  13472053  29256135  6569179  8750850 23754601 13998981
            1024     128  1723636  6733974 20471166  9855234 13643232  6744549 22276143  12639479  27045423  6569179  6650556 23886714 13998981
            1024     256  1759651  6650556 16531459  9923546 13643232  6402699 21282686   8750850  17056672  7160597  7208671 20869039 13472053
            1024     512  1762539  6974549 12639479 11018226 13863422  6479979 20088179   7420395  14422045  4762630  7524394 20869039 13643232
            1024    1024  1851434  5853003  9045736 14618393 13863422  6692005 20869039   6692005  21823389  5813392  9765601 20869039 14422045
            2048       4  1688337  5953632  8292998  9062970  6759439  3548378  8634786   7183386   6895083  5029807  5719737 11706006  8456277
            2048       8  1821906  6759439 12257227  9389900  9062970  5159722 13118295  10131961   9752360  5800851  7088541 16152392 11564174
            2048      16  1834748  7733066 16122077  9389900 11900619  5674397 16367837  11770166  11835033  5655716  8097557 19486895 13058467
            2048      32  1779262  5785224 19486895  9621281 13058467  6062888 19355169  10673302  13384011  5461535  7529708 21812621 14109484
            2048      64  1805819  8292998 20658530  9796850 13926483  6207471 21757372  14017386  14226322  6171791  7810411 23041317 15075199
            2048     128  1811150  6990474 21812621  9932791 14944066  6243566 23291219  13836752  29640323  6003564  7817519 24074544 14944066
            2048     256  1782585  6711905 18970464  9990553 13949098  5785224 21757372   8464610  17360217  6420913  7969835 22264924 14840791
            2048     512  1825390  6807652 16367837 10289741 14738933  5852228 20510548   8261095  16653431  6003564  6321679 21593292 14944066
            2048    1024  1773019  7135648 13219235 11502234 14944066  5933071 20708333   7698414  17681831  6588354 10037248 21593292 15048789
            2048    2048  1867050  8608824  9441504 15181774 14944066  6092991 20708333   6780783  21325256  6420913  9708272 20909969 14944066
            4096       4  1726827  5759634  8272256  9081201  6801738  4367238  8480511   7024216   6861502  4922872  5424983 11601703  8920873
            4096       8  1745956  6941906 12160107  9524234  9503161  5389246 12487133   9891647   9751284  5611025  6916752 15396828 11809047
            4096      16  1843372  7149920 15692162  9394037 11809047  5961494 16318176  12049235  11841605  5835938  7545601 18280235 13166611
            4096      32  1752724  6989921 18616995  9658092 13381985  5867831 19504720  11841605  13604523  6430059  7788478 20074497 14475721
            4096      64  1839227  7969117 20703484  9614850 14427096  5883908 20287852  12880338  14736477  6542703  8081580 22144551 15165768
            4096     128  1770973  7161842 21669709  9897345 14524675  6693092 22375282  12560167  15179168  5520868  6817934 22002745 15059417
            4096     256  1738535  6389405  9023961  6490793  9891647  3653887 20287852   9312562  17131802  5367357  7001316 20481345 13381985
            4096     512  1805972  6490793 17516078  9571993 13604523  5835938 18456987   8447153  14586335  5753847  6500617 20074497 14026607
            4096    1024  1748265  6748303 15635038  9891647 13969580  5885924 20287852   7770863  15112405  6370451  7969117 20097981 14366773
            4096    2048  1800295  7015611 12487133 11222762 13935585  5978090 19416544   7342434  16929220  6272759  9966244 19683498 14463534
            4096    4096  1795028  7274040  9414629 14954547 14427096  6166930 18536646   6408472  18883009  6439700  8712759 19050521 13746032
            8192       4  1707756  5364680  7663074  9002223  6692839  4383287  7855798   7061469   6596471  4625203  5422249 10781874  8725605
            8192       8  1781607  6014511 11269901  9416708  9603578  5411147 12356037   9834473   9536939  5630154  6336155 14979358 11687758
            8192      16  1837634  6281710 14347610  9383277 11656039  5846669 15058135  11873547  11620560  5897851  6286308 16064918 12922997
            8192      32  1838028  6725591 17241890  9536939 13165630  6177802 17577060  12722032  12338289  6262248  6820377 18870623 14031222
            8192      64  1816744  7001038 18912170  9649428 14199379  6379683 19283661  13323895  14100319  6445505  6781341 18788074 14293891
            8192     128  1685887  6132595 18706245  9427042 13951461  6350207 19090804  11703682  14071446  5801260  6036702 19647544 15091203
            8192     256  1770499  5389927 18405631  9227049 14323685  5784656 19143987   8904241  14395699  5757516  6094523 18880992 14578944
            8192     512  1790240  5838720 18327093  9460786 14425919  5497729 19414412   8242105  14347610  5676663  5984134 19229700 14498968
            8192    1024  1797263  5863631 17505420  9879717 14100319  5843686 19186748   7823601  14450187  5701152  6108608 18964361 14628599
            8192    2048  1815113  5776876 15198005 10214543 14252388  6028229 17496506   7728574  14894942  5781736  6238371 18124082 14474536
            8192    4096  1847615  6163396 12154969 10978233 13861408  6040947 18124082   7142200  16544512  6234975  9071145 18162403 14548080
            8192    8192  1874119  5696426  9286903 14760569 14603729  6263389 17028269   6445505  16961023  6460047  6804170 16224216 14395699
           16384       4  1694860  4930437  7623802  9072110  6720201  4371522  7684330   7077327   6662863  4712040  5115033 10679339  8842150
           16384       8  1759475  5742507 11284346  9520826  9531390  5237842 11612323   9865258   9531390  5488861  6099827 14210553 11795703
           16384      16  1864347  6106874 13665168  9486653 11505392  5915013 14718855  12073405  11571262  5944691  6143453 16468410 13264245
           16384      32  1872016  5811959 16926789  9683156 13541302  6542963 17451210  13003217  13485497  6086321  6716917 18306615 14498374
           16384      64  1028891  4692092 18384978  9718761 14296287  6759200 19298856  13551983  14522886  6499029  6353028 19369571 15070702
           16384     128  1801211  6063765 18963344  9740803 14473944  6827021 19573705  13733442  15014724  6043501  6043501 19810702 15271654
           16384     256  1798242  5680795 18084997  9421621 14550561  6164394 19047443   9225569  14772645  5661139  5906370 17616739 14894315
           16384     512  1750065  5704846 17639349  9493206 14747283  5953446 18705256   8645258  14775821  5510869  5620394 17790042 14347028
           16384    1024  1812996  5622234 16823193  9683156 14665455  5903833 18513759   8860391  15127100  5630064  5426876 18204771 14975460
           16384    2048  1820875  5410639 15981995  9841241 14510619  5994996 17675645   8333870  15312489  5839120  5793340 17433501 14826830
           16384    4096  1776807  5684554 14575251 10448761 14962417  5820327 17284415   8195714  15860271  6370107  6131941 17031669 15113792
           16384    8192  1835759  5492370 11881359 11553752 14814045  5906370 15783772   7498192  15285241  6068584  8324784 15816467 14852466
           16384   16384  1806989  5393229  8130744 11828188 11949538  5378876 11260308   5276451  11299189  5521940  5597504 11353326 11897816
           32768      64  1852132  6134077 16213531  9706273 14537949  6478445 16507585  13802132  14596621  6315894  5939246 16882721 14902076
           32768     128  1785134  6044512 16855804  9595142 15009486  6412550 17292691  13961973  15148451  5686861  5408894 17264452 15213848
           32768     256  1763240  5614610 16173463  9435078 14734328  5866989 16541360   9413752  14793006  5352649  5242998 16557302 14754892
           32768     512  1770965  5285949 16015155  9489801 14772337  5607051 16567282   8790014  11004090  3496035  3373247 11545799 10947991
           32768    1024  1124651  5453968 16024491  9606543 14936085  5684979 16541360   8659859  15078648  5249607  5070087 16458166 14927973
           32768    2048  1800428  5279857 15611311  9689167 14853759  5696761 16334933   8726390  15170187  5228637  5300423 16205884 14996384
           32768    4096  1783096  5540819 14847341  9852391 14921490  5676995 16007694   8546770  15441181  5455917  5435204 15944553 14940956
           32768    8192  1815099  5380730 13375005 10304465 14868221  5556724 15341213   7863627  14753308  5656434  5607051 15262844 14840928
           32768   16384  1785830  5186413  9564426  9688484 11920318  5142363 11066111   6128333  11401175  5199756  7894341 11393614 11838178
           65536      64  1835029  6262339 14887391  9536489 14527811  6064891 14938362  13961835  14576346  5965386  5952468 15522979 14713669
           65536     128  1790504  6264908 15347900  9484171 15000317  6236763 15456641  14537031  15030666  5531431  5506279 15685970 14747613
           65536     256  1774266  5637502 14952176  9256455 14608883  5721639 15290698   9609500  14773770  5201213  5236986 15290698 14502517
           65536     512  1778836  5464899 15149123  9412077 14749987  5540797 15478400   8918872  14857618  4994347  5016953 15453165 14800020
           65536    1024  1775940  5421996 15233920  9441821 14850393  5526760 15596966   8809679  15006869  4972753  4997070 15518597 14720760
           65536    2048  1787093  5459038 15034777  9502203 14800020  5582772 15456641   8809679  15079315  5038472  5066985 15398627 14921333
           65536    4096  1793296  5470881 14710519  9627676 14853603  5542585 15362482   8787430  15038067  5052084  5096201 15308581 14928626
           65536    8192  1791624  5343265 13910962  9813631 14880944  5325563 14992954   8414851  14922143  4879448  4932686 14935115 14833564
           65536   16384  1779032  5117548 10372827  8692944 11634154  5062599 11250822   6579992  11435232  5459906  5405469 11277594 11630216
          131072      64  1858678  6366097 10332045  6069297 10491562  4631675 10372984   7085321  10632175  5084455  3791293 11047968 10980225
          131072     128  1554845  4016545 10312470  5514830 10196183  4414262 10975841   7200204  11086288  4647454  3592193 11181669 11147659
          131072     256  1586021  5755592 10748795  5867391 10704008  4218189 10729495   6034057  10745434  4534898  3497022 10871871 10733056
          131072     512  1569216  5460437 10836725  5950265 10821580  4041466 11030235   5839718  10883709  4498606  3418224 11137948 10921764
          131072    1024  1562557  5497293 10985711  5913717 10987687  4166464 11171218   5849598  11096582  4314828  3396976 10390237 10358131
          131072    2048  1578420  5489005 10907246  5980885 10990323  4132545 15057345   8980031  14993283  4939369  3454893 15109073 14953724
          131072    4096  1785113  5450206 10707553  5996542 10925454  4222693 11036656   5733443  11057968  4581038  3483462 11087182 11049744
          131072    8192  1532861  5374230 10428275  6088993 10913742  4267634 10965770   5714431  10895357  4163277  3312085 10915475 11045970
          131072   16384  1570247  5053283  8483125  5702517  9257828  4494156  9147989   4918467   9110544  4758274  3516438  8967727  9140232
          262144      64  1509020  2906225 10263262  6221990 13464703  2920793  9609787   9525947  14778619  2948647  2800684 14872573 14853888
          262144     128  1569677  2917344 14352287  9479381 15114433  3519475 13605155  14610711  15318480  2803376  2900115 11091299 11132851
          262144     256  1572748  2847193 10520655  6052319 13516679  3443681 14334138   9698623  15043296  2725984  2175920 10897711 10949587
          262144     512  1586395  2894702 10632052  6070531 12871707  2991658 14760366   8986770  14786171  2754019  2202093 10778066 10874216
          262144    1024  1570758  2814787 10849857  6147543 14640867  2711296 10994148   7029864  14766115  2627350  2068688 10907225 11177896
          262144    2048  1560465  2196559 13559351  9363936 14596745  2901102 10962360   6927898  14712176  2694823  2617381 14716508 14858304
          262144    4096  1526622  2782398 14772662  6768482 14902205  2501255 14999379   7460192  15004701  2754509  2560351 15007978 15097829
          262144    8192  1549937  2766576 14091460  9417835 14486356  3299232 10838627   6819911  14455312  2490418  2407973 10891774 10905494
          262144   16384  1555963  2718005 11401014  7208692 11694468  2801576 11619329   6749494  11451837  2642765  2101710 11711159 11864959
          524288      64  1527787  2038324 13896601  9609569 14445987  2003155 10016968  14292382  14613896  2222661  2069248 14630230 14699863
          524288     128  1485823  2243462 14039084  9480640 15068738  1932337 13984711  14273365  15417049  1962728  1974518 14529313 14748765
          524288     256  1563555  2146354  9998204  8425124 14394829  2302105 12722014   9912975  14942081  2149486  2003149 14273735 14391249
          524288     512  1605743  2135376 10641972  8480751 14830527  2077186 14672694   9078701  14931023  2067225  1901343 14386071 14580564
          524288    1024  1556674  2029276 10873775  8313987 14993837  3104369 14368023   8682566  14836831  2271000  2004173 10680998 12785628
          524288    2048  1475616  1951521 14593530  9555993 14864913  2347330 14700748   9008410  14878894  2245478  1908000 10615925 13117704
          524288    4096  1604761  2294394 14568393  9500218 14843140  2328233 10673170   8882760  14522021  2743597  2419484 10905646 13057184
          524288    8192  1534333  1998825 10369630  8547238 14698291  1970666 14677297   8818392  14768277  1957577  1712016 10825011 12132889
          524288   16384  1554934  1979288  8928781  8204306 11668208  1881334  9277490   7075414  11659114  2031415  2467178  9224717 11014236

iozone test complete.
